e:\devnotes\tmc\csharp\qtwidgetsapplication1\x64\debug\qtwidgetsapplication1.obj
e:\devnotes\tmc\csharp\qtwidgetsapplication1\x64\debug\main.obj
e:\devnotes\tmc\csharp\qtwidgetsapplication1\x64\debug\vc140.pdb
e:\devnotes\tmc\csharp\qtwidgetsapplication1\x64\debug\qrc_qtwidgetsapplication1.obj
e:\devnotes\tmc\csharp\qtwidgetsapplication1\x64\debug\moc_qtwidgetsapplication1.obj
e:\devnotes\tmc\csharp\qtwidgetsapplication1\x64\debug\moc\moc_qtwidgetsapplication1.cpp
e:\devnotes\tmc\csharp\qtwidgetsapplication1\x64\debug\uic\ui_qtwidgetsapplication1.h
e:\devnotes\tmc\csharp\qtwidgetsapplication1\x64\debug\rcc\qrc_qtwidgetsapplication1.cpp
e:\devnotes\tmc\csharp\qtwidgetsapplication1\x64\debug\qtwidget.81366fc3.tlog\cl.command.1.tlog
e:\devnotes\tmc\csharp\qtwidgetsapplication1\x64\debug\qtwidget.81366fc3.tlog\cl.read.1.tlog
e:\devnotes\tmc\csharp\qtwidgetsapplication1\x64\debug\qtwidget.81366fc3.tlog\cl.write.1.tlog
e:\devnotes\tmc\csharp\qtwidgetsapplication1\x64\debug\qtwidget.81366fc3.tlog\link.command.1.tlog
e:\devnotes\tmc\csharp\qtwidgetsapplication1\x64\debug\qtwidget.81366fc3.tlog\link.read.1.tlog
e:\devnotes\tmc\csharp\qtwidgetsapplication1\x64\debug\qtwidget.81366fc3.tlog\link.write.1.tlog
e:\devnotes\tmc\csharp\qtwidgetsapplication1\x64\debug\qtwidget.81366fc3.tlog\moc.read.1u.tlog
e:\devnotes\tmc\csharp\qtwidgetsapplication1\x64\debug\qtwidget.81366fc3.tlog\moc.write.1u.tlog
e:\devnotes\tmc\csharp\qtwidgetsapplication1\x64\debug\qtwidget.81366fc3.tlog\qtwidgetsapplication1.write.1u.tlog
e:\devnotes\tmc\csharp\qtwidgetsapplication1\x64\debug\qtwidget.81366fc3.tlog\rcc.read.1u.tlog
e:\devnotes\tmc\csharp\qtwidgetsapplication1\x64\debug\qtwidget.81366fc3.tlog\rcc.write.1u.tlog
e:\devnotes\tmc\csharp\qtwidgetsapplication1\x64\debug\qtwidget.81366fc3.tlog\uic.read.1u.tlog
e:\devnotes\tmc\csharp\qtwidgetsapplication1\x64\debug\qtwidget.81366fc3.tlog\uic.write.1u.tlog
