\BOOKMARK [-1][-]{part.1}{\376\377\000I\000\040\000P\000r\000e\000l\000i\000m\000i\000n\000a\000r\000i\000e\000s}{}% 1
\BOOKMARK [0][-]{chapter.1}{\376\377\000H\000e\000a\000d\000i\000n\000g\000\040\000o\000n\000\040\000l\000e\000v\000e\000l\000\040\0000\000\040\000\050\000c\000h\000a\000p\000t\000e\000r\000\051}{part.1}% 2
\BOOKMARK [1][-]{section.1.1}{\376\377\000H\000e\000a\000d\000i\000n\000g\000\040\000o\000n\000\040\000l\000e\000v\000e\000l\000\040\0001\000\040\000\050\000s\000e\000c\000t\000i\000o\000n\000\051}{chapter.1}% 3
\BOOKMARK [2][-]{subsection.1.1.1}{\376\377\000H\000e\000a\000d\000i\000n\000g\000\040\000o\000n\000\040\000l\000e\000v\000e\000l\000\040\0002\000\040\000\050\000s\000u\000b\000s\000e\000c\000t\000i\000o\000n\000\051}{section.1.1}% 4
\BOOKMARK [3][-]{subsubsection.1.1.1.1}{\376\377\000H\000e\000a\000d\000i\000n\000g\000\040\000o\000n\000\040\000l\000e\000v\000e\000l\000\040\0003\000\040\000\050\000s\000u\000b\000s\000e\000c\000t\000i\000o\000n\000\051}{subsection.1.1.1}% 5
\BOOKMARK [4][-]{paragraph.1.1.1.1.1}{\376\377\000H\000e\000a\000d\000i\000n\000g\000\040\000o\000n\000\040\000l\000e\000v\000e\000l\000\040\0004\000\040\000\050\000p\000a\000r\000a\000g\000r\000a\000p\000h\000\051}{subsubsection.1.1.1.1}% 6
\BOOKMARK [1][-]{section.1.2}{\376\377\000L\000i\000s\000t\000s}{chapter.1}% 7
\BOOKMARK [2][-]{subsection.1.2.1}{\376\377\000E\000x\000a\000m\000p\000l\000e\000\040\000f\000o\000r\000\040\000l\000i\000s\000t\000\040\000\050\000i\000t\000e\000m\000i\000z\000e\000\051}{section.1.2}% 8
\BOOKMARK [3][-]{subsubsection.1.2.1.1}{\376\377\000E\000x\000a\000m\000p\000l\000e\000\040\000f\000o\000r\000\040\000l\000i\000s\000t\000\040\000\050\0004\000*\000i\000t\000e\000m\000i\000z\000e\000\051}{subsection.1.2.1}% 9
\BOOKMARK [2][-]{subsection.1.2.2}{\376\377\000E\000x\000a\000m\000p\000l\000e\000\040\000f\000o\000r\000\040\000l\000i\000s\000t\000\040\000\050\000e\000n\000u\000m\000e\000r\000a\000t\000e\000\051}{section.1.2}% 10
\BOOKMARK [3][-]{subsubsection.1.2.2.1}{\376\377\000E\000x\000a\000m\000p\000l\000e\000\040\000f\000o\000r\000\040\000l\000i\000s\000t\000\040\000\050\0004\000*\000e\000n\000u\000m\000e\000r\000a\000t\000e\000\051}{subsection.1.2.2}% 11
\BOOKMARK [2][-]{subsection.1.2.3}{\376\377\000E\000x\000a\000m\000p\000l\000e\000\040\000f\000o\000r\000\040\000l\000i\000s\000t\000\040\000\050\000d\000e\000s\000c\000r\000i\000p\000t\000i\000o\000n\000\051}{section.1.2}% 12
\BOOKMARK [3][-]{subsubsection.1.2.3.1}{\376\377\000E\000x\000a\000m\000p\000l\000e\000\040\000f\000o\000r\000\040\000l\000i\000s\000t\000\040\000\050\0004\000*\000d\000e\000s\000c\000r\000i\000p\000t\000i\000o\000n\000\051}{subsection.1.2.3}% 13
\BOOKMARK [0][-]{appendix.A}{\376\377\000A\000b\000o\000u\000t\000\040\000t\000h\000e\000\040\000A\000u\000t\000h\000o\000r\000s}{part.1}% 14
\BOOKMARK [1][-]{section.A.1}{\376\377\000F\000i\000r\000s\000t\000\040\000A\000u\000t\000h\000o\000r}{appendix.A}% 15
\BOOKMARK [1][-]{section.A.2}{\376\377\000S\000e\000c\000o\000n\000d\000\040\000A\000u\000t\000h\000o\000r}{appendix.A}% 16
\BOOKMARK [0][-]{appendix.B}{\376\377\000A\000b\000b\000r\000e\000v\000i\000a\000t\000i\000o\000n\000s}{part.1}% 17
\BOOKMARK [0][-]{appendix.C}{\376\377\000N\000o\000t\000a\000t\000i\000o\000n}{part.1}% 18
\BOOKMARK [0][-]{appendix.D}{\376\377\000S\000u\000p\000p\000l\000e\000m\000e\000n\000t\000a\000r\000y\000\040\000S\000c\000r\000i\000p\000t\000s}{part.1}% 19
\BOOKMARK [0][-]{appendix.E}{\376\377\000G\000l\000o\000s\000s\000a\000r\000y}{part.1}% 20
\BOOKMARK [0][-]{appendix.F}{\376\377\000I\000n\000d\000e\000x}{part.1}% 21
