d:\project\fast\fastdemo\simcentre\simnode\x64\debug\moc_myfeedsubscrivberthread.obj
d:\project\fast\fastdemo\simcentre\simnode\x64\debug\moc_qtmytextedit.obj
d:\project\fast\fastdemo\simcentre\simnode\x64\debug\qrc_simnode.obj
d:\project\fast\fastdemo\simcentre\simnode\x64\debug\moc_simnode.obj
d:\project\fast\fastdemo\simcentre\simnode\x64\debug\moc_mysubscriberthread.obj
d:\project\fast\fastdemo\simcentre\simnode\x64\debug\middlebyvalueset.obj
d:\project\fast\fastdemo\simcentre\simnode\x64\debug\main.obj
d:\project\fast\fastdemo\simcentre\simnode\x64\debug\myfeedsubscrivberthread.obj
d:\project\fast\fastdemo\simcentre\simnode\x64\debug\mysubscriberthread.obj
d:\project\fast\fastdemo\simcentre\simnode\x64\debug\simnode.obj
d:\project\fast\fastdemo\simcentre\simnode\x64\debug\qtmytextedit.obj
d:\project\fast\fastdemo\simcentre\simnode\x64\debug\mapset.obj
d:\project\fast\fastdemo\simcentre\simnode\x64\debug\vc141.pdb
d:\project\fast\fastdemo\simcentre\x64\debug\simnode.exe
d:\project\fast\fastdemo\simcentre\x64\debug\simnode.ilk
d:\project\fast\fastdemo\simcentre\x64\debug\simnode.pdb
d:\project\fast\fastdemo\simcentre\simnode\.\generatedfiles\debug\moc_simnode.cpp
d:\project\fast\fastdemo\simcentre\simnode\.\generatedfiles\debug\moc_qtmytextedit.cpp
d:\project\fast\fastdemo\simcentre\simnode\.\generatedfiles\debug\moc_mysubscriberthread.cpp
d:\project\fast\fastdemo\simcentre\simnode\.\generatedfiles\debug\moc_myfeedsubscrivberthread.cpp
d:\project\fast\fastdemo\simcentre\simnode\.\generatedfiles\qrc_simnode.cpp
d:\project\fast\fastdemo\simcentre\simnode\generatedfiles\ui_simnode.h
d:\project\fast\fastdemo\simcentre\simnode\generatedfiles\qrc_simnode.cpp
d:\project\fast\fastdemo\simcentre\simnode\generatedfiles\debug\moc_simnode.cpp
d:\project\fast\fastdemo\simcentre\simnode\generatedfiles\debug\moc_qtmytextedit.cpp
d:\project\fast\fastdemo\simcentre\simnode\generatedfiles\debug\moc_mysubscriberthread.cpp
d:\project\fast\fastdemo\simcentre\simnode\generatedfiles\debug\moc_myfeedsubscrivberthread.cpp
d:\project\fast\fastdemo\simcentre\simnode\.\generatedfiles\ui_simnode.h
d:\project\fast\fastdemo\simcentre\simnode\x64\debug\simnode.tlog\cl.10544.write.1.tlog
d:\project\fast\fastdemo\simcentre\simnode\x64\debug\simnode.tlog\cl.command.1.tlog
d:\project\fast\fastdemo\simcentre\simnode\x64\debug\simnode.tlog\cl.read.1.tlog
d:\project\fast\fastdemo\simcentre\simnode\x64\debug\simnode.tlog\link.command.1.tlog
d:\project\fast\fastdemo\simcentre\simnode\x64\debug\simnode.tlog\link.read.1.tlog
d:\project\fast\fastdemo\simcentre\simnode\x64\debug\simnode.tlog\link.write.1.tlog
d:\project\fast\fastdemo\simcentre\simnode\x64\debug\simnode.tlog\moc.read.1u.tlog
d:\project\fast\fastdemo\simcentre\simnode\x64\debug\simnode.tlog\moc.write.1u.tlog
d:\project\fast\fastdemo\simcentre\simnode\x64\debug\simnode.tlog\rcc.read.1u.tlog
d:\project\fast\fastdemo\simcentre\simnode\x64\debug\simnode.tlog\rcc.write.1u.tlog
d:\project\fast\fastdemo\simcentre\simnode\x64\debug\simnode.tlog\simnode.write.1u.tlog
d:\project\fast\fastdemo\simcentre\simnode\x64\debug\simnode.tlog\uic.read.1u.tlog
d:\project\fast\fastdemo\simcentre\simnode\x64\debug\simnode.tlog\uic.write.1u.tlog
