d:\project\fast\fastdemo\simcentre\simdds\x64\debug\simdataanalysis.obj
d:\project\fast\fastdemo\simcentre\simdds\x64\debug\staticbitoperate.obj
d:\project\fast\fastdemo\simcentre\simdds\x64\debug\simcentrepubsubtypes.obj
d:\project\fast\fastdemo\simcentre\simdds\x64\debug\simmessage.obj
d:\project\fast\fastdemo\simcentre\simdds\x64\debug\qtsettingset.obj
d:\project\fast\fastdemo\simcentre\simdds\x64\debug\simcentresubscriber.obj
d:\project\fast\fastdemo\simcentre\simdds\x64\debug\mapset.obj
d:\project\fast\fastdemo\simcentre\simdds\x64\debug\simcentrepublisher.obj
d:\project\fast\fastdemo\simcentre\simdds\x64\debug\simplelog.obj
d:\project\fast\fastdemo\simcentre\simdds\x64\debug\simdds.obj
d:\project\fast\fastdemo\simcentre\simdds\x64\debug\simdds.pdb
d:\project\fast\fastdemo\simcentre\simdds\x64\debug\moc_qtsettingset.obj
d:\project\fast\fastdemo\simcentre\simdds\x64\debug\moc_simplelog.obj
d:\project\fast\fastdemo\simcentre\x64\debug\simdds.lib
d:\project\fast\fastdemo\simcentre\simdds\.\generatedfiles\debug\moc_qtsettingset.cpp
d:\project\fast\fastdemo\simcentre\simdds\.\generatedfiles\debug\moc_simplelog.cpp
d:\project\fast\fastdemo\simcentre\simdds\generatedfiles\debug\moc_qtsettingset.cpp
d:\project\fast\fastdemo\simcentre\simdds\generatedfiles\debug\moc_simplelog.cpp
d:\project\fast\fastdemo\simcentre\x64\debug\simdds.pdb
d:\project\fast\fastdemo\simcentre\simdds\x64\debug\simdds.tlog\cl.11980.write.1.tlog
d:\project\fast\fastdemo\simcentre\simdds\x64\debug\simdds.tlog\cl.command.1.tlog
d:\project\fast\fastdemo\simcentre\simdds\x64\debug\simdds.tlog\cl.read.1.tlog
d:\project\fast\fastdemo\simcentre\simdds\x64\debug\simdds.tlog\lib-link.read.1.tlog
d:\project\fast\fastdemo\simcentre\simdds\x64\debug\simdds.tlog\lib-link.write.1.tlog
d:\project\fast\fastdemo\simcentre\simdds\x64\debug\simdds.tlog\lib.command.1.tlog
d:\project\fast\fastdemo\simcentre\simdds\x64\debug\simdds.tlog\moc.read.1u.tlog
d:\project\fast\fastdemo\simcentre\simdds\x64\debug\simdds.tlog\moc.write.1u.tlog
d:\project\fast\fastdemo\simcentre\simdds\x64\debug\simdds.tlog\simdds.write.1u.tlog
