  Moc'ing qtsettingset.h...
  Moc'ing simplelog.h...
  MapSet.cpp
  qtsettingset.cpp
  SimCentrePublisher.cpp
  SimCentrePubSubTypes.cxx
  SimCentreSubscriber.cpp
  SimDataAnalysis.cpp
  simdds.cpp
  SimMessage.cxx
  simplelog.cpp
  staticbitoperate.cpp
d:\project\fast\build-rtps\install\include\fastdds\dds\core\policy\qospolicies.hpp : warning C4819: 该文件包含不能在当前代码页(936)中表示的字符。请将该文件保存为 Unicode 格式以防止数据丢失 (编译源文件 SimCentreSubscriber.cpp)
d:\project\fast\build-rtps\install\include\fastdds\dds\core\policy\qospolicies.hpp : warning C4819: 该文件包含不能在当前代码页(936)中表示的字符。请将该文件保存为 Unicode 格式以防止数据丢失 (编译源文件 SimCentrePublisher.cpp)
d:\project\fast\build-rtps\install\include\fastdds\dds\core\policy\qospolicies.hpp : warning C4819: 该文件包含不能在当前代码页(936)中表示的字符。请将该文件保存为 Unicode 格式以防止数据丢失 (编译源文件 SimCentrePubSubTypes.cxx)
d:\project\fast\build-rtps\install\include\fastdds\dds\core\policy\qospolicies.hpp : warning C4819: 该文件包含不能在当前代码页(936)中表示的字符。请将该文件保存为 Unicode 格式以防止数据丢失 (编译源文件 simdds.cpp)
d:\project\fast\fastdemo\simcentre\simdds\mapset.cpp(79): warning C4477: “printf”: 格式字符串“%s”需要类型“char *”的参数，但可变参数 1 拥有了类型“_Ty1”
          with
          [
              _Ty1=std::string
          ]
d:\project\fast\build-rtps\install\include\fastdds\dds\core\policy\qospolicies.hpp(877): warning C4819: 该文件包含不能在当前代码页(936)中表示的字符。请将该文件保存为 Unicode 格式以防止数据丢失 (编译源文件 SimCentrePubSubTypes.cxx)
d:\project\fast\build-rtps\install\include\fastdds\dds\core\policy\qospolicies.hpp(1746): warning C4819: 该文件包含不能在当前代码页(936)中表示的字符。请将该文件保存为 Unicode 格式以防止数据丢失 (编译源文件 SimCentrePubSubTypes.cxx)
d:\project\fast\build-rtps\install\include\fastdds\dds\core\policy\qospolicies.hpp(877): warning C4819: 该文件包含不能在当前代码页(936)中表示的字符。请将该文件保存为 Unicode 格式以防止数据丢失 (编译源文件 simdds.cpp)
d:\project\fast\build-rtps\install\include\fastdds\dds\core\policy\qospolicies.hpp(877): warning C4819: 该文件包含不能在当前代码页(936)中表示的字符。请将该文件保存为 Unicode 格式以防止数据丢失 (编译源文件 SimCentrePublisher.cpp)
d:\project\fast\build-rtps\install\include\fastdds\dds\core\policy\qospolicies.hpp(1746): warning C4819: 该文件包含不能在当前代码页(936)中表示的字符。请将该文件保存为 Unicode 格式以防止数据丢失 (编译源文件 simdds.cpp)
d:\project\fast\build-rtps\install\include\fastdds\dds\core\policy\qospolicies.hpp(1746): warning C4819: 该文件包含不能在当前代码页(936)中表示的字符。请将该文件保存为 Unicode 格式以防止数据丢失 (编译源文件 SimCentrePublisher.cpp)
d:\project\fast\build-rtps\install\include\fastdds\dds\core\policy\qospolicies.hpp(877): warning C4819: 该文件包含不能在当前代码页(936)中表示的字符。请将该文件保存为 Unicode 格式以防止数据丢失 (编译源文件 SimCentreSubscriber.cpp)
d:\project\fast\build-rtps\install\include\fastdds\dds\core\policy\qospolicies.hpp(1746): warning C4819: 该文件包含不能在当前代码页(936)中表示的字符。请将该文件保存为 Unicode 格式以防止数据丢失 (编译源文件 SimCentreSubscriber.cpp)
d:\project\fast\fastdemo\simcentre\simdds\simplelog.cpp(98): warning C4715: “SimpleLog::readlog”: 不是所有的控件路径都返回值
  moc_qtsettingset.cpp
  moc_simplelog.cpp
fastcdrd-1.0.lib(fastcdrd-1.0.dll) : warning LNK4006: __NULL_IMPORT_DESCRIPTOR 已在 fastrtpsd-2.3.lib(libfastrtpsd-2.3.dll) 中定义；已忽略第二个定义
fastcdrd-1.0.lib(fastcdrd-1.0.dll) : warning LNK4221: 此对象文件未定义任何之前未定义的公共符号，因此任何耗用此库的链接操作都不会使用此文件
  SimDDS.vcxproj -> D:\project\Fast\FastDemo\SimCentre\x64\Debug\SimDDS.lib
