  Moc'ing MyPubSubscriberThread.h...
  Moc'ing QtMyTextEdit.h...
  Moc'ing MyPublisherFullSpeedThread.h...
  Moc'ing MyPublisherRealTimer.h...
  Moc'ing MyPublisherRealTimerTest.h...
  Moc'ing RealDataDealTimer.h...
  Moc'ing qtsettingset.h...
  Moc'ing MyPublisherTimer.h...
  Moc'ing simcentre.h...
  Rcc'ing simcentre.qrc...
  Uic'ing simcentre.ui...
  RCC: Warning: No resources in 'D:\project\Fast\FastDemo\SimCentre\SimCentre\simcentre.qrc'.
  MapSet.cpp
  SimDataAnalysis.cpp
  main.cpp
  MiddleByValueSet.cpp
  MyPublisherFullSpeedThread.cpp
  RealDataDealTimer.cpp
  MyPublisherRealTimer.cpp
  MyPublisherRealTimerTest.cpp
  MyPublisherTimer.cpp
  MyPubSubscriberThread.cpp
d:\project\fast\fastdemo\simcentre\simdds\mapset.cpp(79): warning C4477: “printf”: 格式字符串“%s”需要类型“char *”的参数，但可变参数 1 拥有了类型“_Ty1”
          with
          [
              _Ty1=std::string
          ]
  QtMyTextEdit.cpp
  qtsettingset.cpp
  simcentre.cpp
  moc_MyPubSubscriberThread.cpp
d:\project\fast\build-rtps\install\include\fastdds\dds\core\policy\qospolicies.hpp : warning C4819: 该文件包含不能在当前代码页(936)中表示的字符。请将该文件保存为 Unicode 格式以防止数据丢失 (编译源文件 MyPublisherFullSpeedThread.cpp)
d:\project\fast\build-rtps\install\include\fastdds\dds\core\policy\qospolicies.hpp : warning C4819: 该文件包含不能在当前代码页(936)中表示的字符。请将该文件保存为 Unicode 格式以防止数据丢失 (编译源文件 MyPublisherRealTimer.cpp)
d:\project\fast\build-rtps\install\include\fastdds\dds\core\policy\qospolicies.hpp : warning C4819: 该文件包含不能在当前代码页(936)中表示的字符。请将该文件保存为 Unicode 格式以防止数据丢失 (编译源文件 MyPublisherRealTimerTest.cpp)
d:\project\fast\build-rtps\install\include\fastdds\dds\core\policy\qospolicies.hpp : warning C4819: 该文件包含不能在当前代码页(936)中表示的字符。请将该文件保存为 Unicode 格式以防止数据丢失 (编译源文件 RealDataDealTimer.cpp)
d:\project\fast\build-rtps\install\include\fastdds\dds\core\policy\qospolicies.hpp : warning C4819: 该文件包含不能在当前代码页(936)中表示的字符。请将该文件保存为 Unicode 格式以防止数据丢失 (编译源文件 MyPublisherTimer.cpp)
d:\project\fast\build-rtps\install\include\fastdds\dds\core\policy\qospolicies.hpp : warning C4819: 该文件包含不能在当前代码页(936)中表示的字符。请将该文件保存为 Unicode 格式以防止数据丢失 (编译源文件 MyPubSubscriberThread.cpp)
  moc_QtMyTextEdit.cpp
d:\project\fast\build-rtps\install\include\fastdds\dds\core\policy\qospolicies.hpp(877): warning C4819: 该文件包含不能在当前代码页(936)中表示的字符。请将该文件保存为 Unicode 格式以防止数据丢失 (编译源文件 MyPublisherFullSpeedThread.cpp)
d:\project\fast\build-rtps\install\include\fastdds\dds\core\policy\qospolicies.hpp(1746): warning C4819: 该文件包含不能在当前代码页(936)中表示的字符。请将该文件保存为 Unicode 格式以防止数据丢失 (编译源文件 MyPublisherFullSpeedThread.cpp)
d:\project\fast\build-rtps\install\include\fastdds\dds\core\policy\qospolicies.hpp(877): warning C4819: 该文件包含不能在当前代码页(936)中表示的字符。请将该文件保存为 Unicode 格式以防止数据丢失 (编译源文件 MyPublisherRealTimer.cpp)
d:\project\fast\build-rtps\install\include\fastdds\dds\core\policy\qospolicies.hpp(1746): warning C4819: 该文件包含不能在当前代码页(936)中表示的字符。请将该文件保存为 Unicode 格式以防止数据丢失 (编译源文件 MyPublisherRealTimer.cpp)
d:\project\fast\build-rtps\install\include\fastdds\dds\core\policy\qospolicies.hpp(877): warning C4819: 该文件包含不能在当前代码页(936)中表示的字符。请将该文件保存为 Unicode 格式以防止数据丢失 (编译源文件 MyPublisherRealTimerTest.cpp)
d:\project\fast\build-rtps\install\include\fastdds\dds\core\policy\qospolicies.hpp(1746): warning C4819: 该文件包含不能在当前代码页(936)中表示的字符。请将该文件保存为 Unicode 格式以防止数据丢失 (编译源文件 MyPublisherRealTimerTest.cpp)
  moc_MyPublisherFullSpeedThread.cpp
d:\project\fast\build-rtps\install\include\fastdds\dds\core\policy\qospolicies.hpp : warning C4819: 该文件包含不能在当前代码页(936)中表示的字符。请将该文件保存为 Unicode 格式以防止数据丢失 (编译源文件 simcentre.cpp)
d:\project\fast\build-rtps\install\include\fastdds\dds\core\policy\qospolicies.hpp(877): warning C4819: 该文件包含不能在当前代码页(936)中表示的字符。请将该文件保存为 Unicode 格式以防止数据丢失 (编译源文件 MyPublisherTimer.cpp)
d:\project\fast\build-rtps\install\include\fastdds\dds\core\policy\qospolicies.hpp(877): warning C4819: 该文件包含不能在当前代码页(936)中表示的字符。请将该文件保存为 Unicode 格式以防止数据丢失 (编译源文件 MyPubSubscriberThread.cpp)
d:\project\fast\build-rtps\install\include\fastdds\dds\core\policy\qospolicies.hpp(1746): warning C4819: 该文件包含不能在当前代码页(936)中表示的字符。请将该文件保存为 Unicode 格式以防止数据丢失 (编译源文件 MyPublisherTimer.cpp)
d:\project\fast\build-rtps\install\include\fastdds\dds\core\policy\qospolicies.hpp(877): warning C4819: 该文件包含不能在当前代码页(936)中表示的字符。请将该文件保存为 Unicode 格式以防止数据丢失 (编译源文件 RealDataDealTimer.cpp)
d:\project\fast\build-rtps\install\include\fastdds\dds\core\policy\qospolicies.hpp(1746): warning C4819: 该文件包含不能在当前代码页(936)中表示的字符。请将该文件保存为 Unicode 格式以防止数据丢失 (编译源文件 MyPubSubscriberThread.cpp)
d:\project\fast\build-rtps\install\include\fastdds\dds\core\policy\qospolicies.hpp(1746): warning C4819: 该文件包含不能在当前代码页(936)中表示的字符。请将该文件保存为 Unicode 格式以防止数据丢失 (编译源文件 RealDataDealTimer.cpp)
  moc_MyPublisherRealTimer.cpp
  moc_MyPublisherRealTimerTest.cpp
d:\project\fast\build-rtps\install\include\fastdds\dds\core\policy\qospolicies.hpp(877): warning C4819: 该文件包含不能在当前代码页(936)中表示的字符。请将该文件保存为 Unicode 格式以防止数据丢失 (编译源文件 simcentre.cpp)
d:\project\fast\build-rtps\install\include\fastdds\dds\core\policy\qospolicies.hpp(1746): warning C4819: 该文件包含不能在当前代码页(936)中表示的字符。请将该文件保存为 Unicode 格式以防止数据丢失 (编译源文件 simcentre.cpp)
  moc_RealDataDealTimer.cpp
  moc_qtsettingset.cpp
  moc_MyPublisherTimer.cpp
  moc_simcentre.cpp
  qrc_simcentre.cpp
  SimCentre.vcxproj -> D:\project\Fast\FastDemo\SimCentre\x64\Debug\SimCentre.exe
