d:\project\fast\fastdemo\simcentre\simcentre\x64\debug\realdatadealtimer.obj
d:\project\fast\fastdemo\simcentre\simcentre\x64\debug\qrc_simcentre.obj
d:\project\fast\fastdemo\simcentre\simcentre\x64\debug\mypublisherrealtimer.obj
d:\project\fast\fastdemo\simcentre\simcentre\x64\debug\mypublishertimer.obj
d:\project\fast\fastdemo\simcentre\simcentre\x64\debug\main.obj
d:\project\fast\fastdemo\simcentre\simcentre\x64\debug\moc_qtmytextedit.obj
d:\project\fast\fastdemo\simcentre\simcentre\x64\debug\moc_mypublishertimer.obj
d:\project\fast\fastdemo\simcentre\simcentre\x64\debug\qtsettingset.obj
d:\project\fast\fastdemo\simcentre\simcentre\x64\debug\moc_mypublisherrealtimer.obj
d:\project\fast\fastdemo\simcentre\simcentre\x64\debug\simdataanalysis.obj
d:\project\fast\fastdemo\simcentre\simcentre\x64\debug\moc_mypubsubscriberthread.obj
d:\project\fast\fastdemo\simcentre\simcentre\x64\debug\moc_realdatadealtimer.obj
d:\project\fast\fastdemo\simcentre\simcentre\x64\debug\simcentre.obj
d:\project\fast\fastdemo\simcentre\simcentre\x64\debug\middlebyvalueset.obj
d:\project\fast\fastdemo\simcentre\simcentre\x64\debug\moc_mypublisherfullspeedthread.obj
d:\project\fast\fastdemo\simcentre\simcentre\x64\debug\moc_qtsettingset.obj
d:\project\fast\fastdemo\simcentre\simcentre\x64\debug\mypublisherfullspeedthread.obj
d:\project\fast\fastdemo\simcentre\simcentre\x64\debug\moc_simcentre.obj
d:\project\fast\fastdemo\simcentre\simcentre\x64\debug\mypublisherrealtimertest.obj
d:\project\fast\fastdemo\simcentre\simcentre\x64\debug\qtmytextedit.obj
d:\project\fast\fastdemo\simcentre\simcentre\x64\debug\moc_mypublisherrealtimertest.obj
d:\project\fast\fastdemo\simcentre\simcentre\x64\debug\mapset.obj
d:\project\fast\fastdemo\simcentre\simcentre\x64\debug\mypubsubscriberthread.obj
d:\project\fast\fastdemo\simcentre\simcentre\x64\debug\vc141.pdb
d:\project\fast\fastdemo\simcentre\x64\debug\simcentre.ilk
d:\project\fast\fastdemo\simcentre\x64\debug\simcentre.exe
d:\project\fast\fastdemo\simcentre\x64\debug\simcentre.pdb
d:\project\fast\fastdemo\simcentre\simcentre\x64\debug\simcentre.res
d:\project\fast\fastdemo\simcentre\simcentre\generatedfiles\debug\moc_mypubsubscriberthread.cpp
d:\project\fast\fastdemo\simcentre\simcentre\generatedfiles\debug\moc_qtmytextedit.cpp
d:\project\fast\fastdemo\simcentre\simcentre\generatedfiles\debug\moc_mypublisherfullspeedthread.cpp
d:\project\fast\fastdemo\simcentre\simcentre\generatedfiles\debug\moc_mypublisherrealtimer.cpp
d:\project\fast\fastdemo\simcentre\simcentre\generatedfiles\debug\moc_mypublisherrealtimertest.cpp
d:\project\fast\fastdemo\simcentre\simcentre\generatedfiles\debug\moc_realdatadealtimer.cpp
d:\project\fast\fastdemo\simcentre\simcentre\generatedfiles\debug\moc_qtsettingset.cpp
d:\project\fast\fastdemo\simcentre\simcentre\generatedfiles\debug\moc_mypublishertimer.cpp
d:\project\fast\fastdemo\simcentre\simcentre\generatedfiles\debug\moc_simcentre.cpp
d:\project\fast\fastdemo\simcentre\simcentre\generatedfiles\qrc_simcentre.cpp
d:\project\fast\fastdemo\simcentre\simcentre\generatedfiles\ui_simcentre.h
d:\project\fast\fastdemo\simcentre\simcentre\x64\debug\simcentre.tlog\cl.16848.write.1.tlog
d:\project\fast\fastdemo\simcentre\simcentre\x64\debug\simcentre.tlog\cl.command.1.tlog
d:\project\fast\fastdemo\simcentre\simcentre\x64\debug\simcentre.tlog\cl.read.1.tlog
d:\project\fast\fastdemo\simcentre\simcentre\x64\debug\simcentre.tlog\link.command.1.tlog
d:\project\fast\fastdemo\simcentre\simcentre\x64\debug\simcentre.tlog\link.read.1.tlog
d:\project\fast\fastdemo\simcentre\simcentre\x64\debug\simcentre.tlog\link.write.1.tlog
d:\project\fast\fastdemo\simcentre\simcentre\x64\debug\simcentre.tlog\rc.command.1.tlog
d:\project\fast\fastdemo\simcentre\simcentre\x64\debug\simcentre.tlog\rc.read.1.tlog
d:\project\fast\fastdemo\simcentre\simcentre\x64\debug\simcentre.tlog\rc.write.1.tlog
d:\project\fast\fastdemo\simcentre\simcentre\x64\debug\simcentre.tlog\simcentre.write.1u.tlog
