  Reading Qt configuration (C:\Qt\Qt5.12.5\5.12.5\msvc2017_64\bin\qmake.exe)
  uic SimCentreDDS.ui
  rcc SimCentreDDS.qrc
  moc SimCentreDDS.h
  moc MyPublisherRealTimerTestfirst.h
   RCC: Warning: No resources in 'D:\project\Fast\FastDemo\SimCentre\SimCentreDDS\SimCentreDDS.qrc'.
  moc MyPublisherRealTimerTestone.h
  moc simplelog.h
  moc RealDataDealTimerTwo.h
  moc RealDataDealTimer.h
  moc qtsettingset.h
  moc QtMyTextEdit.h
  moc MyPubSubscriberThread.h
  moc MyPublisherTimer.h
  moc MyPublisherRealTimerTestTwo.h
  moc MyPublisherRealTimerTest.h
  moc MyPublisherRealTimer.h
  moc MyPublisherFullSpeedThread.h
  feedbackcorrunArrayTimer.cpp
  main.cpp
  MapSet.cpp
  MiddleByValueSet.cpp
  MyPubCallbackSubscriber.cpp
  MyPublisherFullSpeedThread.cpp
  MyPublisherRealTimer.cpp
  MyPublisherRealTimerTest.cpp
  MyPublisherRealTimerTestfirst.cpp
  MyPublisherRealTimerTestone.cpp
  MyPublisherRealTimerTestTwo.cpp
  MyPublisherTimer.cpp
  MyPubSubscriberThread.cpp
  QtMyTextEdit.cpp
  qtsettingset.cpp
  RealDataDealTimer.cpp
  RealDataDealTimerTwo.cpp
  SimCentreDDS.cpp
  SimCentrePublisher.cpp
  SimCentrePubSubTypes.cxx
d:\project\fast\fastdemo\simcentre\simcentredds\mypublisherrealtimertestfirst.h : warning C4819: 该文件包含不能在当前代码页(936)中表示的字符。请将该文件保存为 Unicode 格式以防止数据丢失 (编译源文件 MyPublisherRealTimerTestfirst.cpp)
d:\project\fast\fastdemo\simcentre\simcentredds\mypublisherrealtimertestone.cpp : warning C4819: 该文件包含不能在当前代码页(936)中表示的字符。请将该文件保存为 Unicode 格式以防止数据丢失
d:\project\fast\fastdemo\simcentre\simcentredds\mypublisherrealtimertestone.h : warning C4819: 该文件包含不能在当前代码页(936)中表示的字符。请将该文件保存为 Unicode 格式以防止数据丢失 (编译源文件 MyPublisherRealTimerTestone.cpp)
d:\project\fast\build-rtps\install\include\fastdds\dds\core\policy\qospolicies.hpp : warning C4819: 该文件包含不能在当前代码页(936)中表示的字符。请将该文件保存为 Unicode 格式以防止数据丢失 (编译源文件 SimCentrePublisher.cpp)
d:\project\fast\build-rtps\install\include\fastdds\dds\core\policy\qospolicies.hpp : warning C4819: 该文件包含不能在当前代码页(936)中表示的字符。请将该文件保存为 Unicode 格式以防止数据丢失 (编译源文件 SimCentrePubSubTypes.cxx)
d:\project\fast\fastdemo\simcentre\simcentredds\mapset.cpp(79): warning C4477: “printf”: 格式字符串“%s”需要类型“char *”的参数，但可变参数 1 拥有了类型“_Ty1”
          with
          [
              _Ty1=std::string
          ]
  SimCentreSubscriber.cpp
d:\project\fast\build-rtps\install\include\fastdds\dds\core\policy\qospolicies.hpp : warning C4819: 该文件包含不能在当前代码页(936)中表示的字符。请将该文件保存为 Unicode 格式以防止数据丢失 (编译源文件 SimCentreSubscriber.cpp)
d:\project\fast\build-rtps\install\include\fastdds\dds\core\policy\qospolicies.hpp : warning C4819: 该文件包含不能在当前代码页(936)中表示的字符。请将该文件保存为 Unicode 格式以防止数据丢失 (编译源文件 MyPubCallbackSubscriber.cpp)
d:\project\fast\build-rtps\install\include\fastdds\dds\core\policy\qospolicies.hpp : warning C4819: 该文件包含不能在当前代码页(936)中表示的字符。请将该文件保存为 Unicode 格式以防止数据丢失 (编译源文件 MyPublisherRealTimerTestTwo.cpp)
d:\project\fast\build-rtps\install\include\fastdds\dds\core\policy\qospolicies.hpp(877): warning C4819: 该文件包含不能在当前代码页(936)中表示的字符。请将该文件保存为 Unicode 格式以防止数据丢失 (编译源文件 SimCentrePublisher.cpp)
d:\project\fast\build-rtps\install\include\fastdds\dds\core\policy\qospolicies.hpp(1746): warning C4819: 该文件包含不能在当前代码页(936)中表示的字符。请将该文件保存为 Unicode 格式以防止数据丢失 (编译源文件 SimCentrePublisher.cpp)
d:\project\fast\build-rtps\install\include\fastdds\dds\core\policy\qospolicies.hpp : warning C4819: 该文件包含不能在当前代码页(936)中表示的字符。请将该文件保存为 Unicode 格式以防止数据丢失 (编译源文件 MyPublisherTimer.cpp)
d:\project\fast\build-rtps\install\include\fastdds\dds\core\policy\qospolicies.hpp(877): warning C4819: 该文件包含不能在当前代码页(936)中表示的字符。请将该文件保存为 Unicode 格式以防止数据丢失 (编译源文件 SimCentrePubSubTypes.cxx)
d:\project\fast\build-rtps\install\include\fastdds\dds\core\policy\qospolicies.hpp : warning C4819: 该文件包含不能在当前代码页(936)中表示的字符。请将该文件保存为 Unicode 格式以防止数据丢失 (编译源文件 MyPublisherRealTimerTest.cpp)
d:\project\fast\build-rtps\install\include\fastdds\dds\core\policy\qospolicies.hpp : warning C4819: 该文件包含不能在当前代码页(936)中表示的字符。请将该文件保存为 Unicode 格式以防止数据丢失 (编译源文件 MyPublisherRealTimerTestfirst.cpp)
d:\project\fast\build-rtps\install\include\fastdds\dds\core\policy\qospolicies.hpp(1746): warning C4819: 该文件包含不能在当前代码页(936)中表示的字符。请将该文件保存为 Unicode 格式以防止数据丢失 (编译源文件 SimCentrePubSubTypes.cxx)
d:\project\fast\build-rtps\install\include\fastdds\dds\core\policy\qospolicies.hpp : warning C4819: 该文件包含不能在当前代码页(936)中表示的字符。请将该文件保存为 Unicode 格式以防止数据丢失 (编译源文件 MyPublisherFullSpeedThread.cpp)
d:\project\fast\build-rtps\install\include\fastdds\dds\core\policy\qospolicies.hpp : warning C4819: 该文件包含不能在当前代码页(936)中表示的字符。请将该文件保存为 Unicode 格式以防止数据丢失 (编译源文件 MyPublisherRealTimerTestone.cpp)
d:\project\fast\build-rtps\install\include\fastdds\dds\core\policy\qospolicies.hpp : warning C4819: 该文件包含不能在当前代码页(936)中表示的字符。请将该文件保存为 Unicode 格式以防止数据丢失 (编译源文件 MyPublisherRealTimer.cpp)
d:\project\fast\build-rtps\install\include\fastdds\dds\core\policy\qospolicies.hpp : warning C4819: 该文件包含不能在当前代码页(936)中表示的字符。请将该文件保存为 Unicode 格式以防止数据丢失 (编译源文件 RealDataDealTimer.cpp)
d:\project\fast\build-rtps\install\include\fastdds\dds\core\policy\qospolicies.hpp : warning C4819: 该文件包含不能在当前代码页(936)中表示的字符。请将该文件保存为 Unicode 格式以防止数据丢失 (编译源文件 RealDataDealTimerTwo.cpp)
d:\project\fast\build-rtps\install\include\fastdds\dds\core\policy\qospolicies.hpp : warning C4819: 该文件包含不能在当前代码页(936)中表示的字符。请将该文件保存为 Unicode 格式以防止数据丢失 (编译源文件 MyPubSubscriberThread.cpp)
d:\project\fast\build-rtps\install\include\fastdds\dds\core\policy\qospolicies.hpp : warning C4819: 该文件包含不能在当前代码页(936)中表示的字符。请将该文件保存为 Unicode 格式以防止数据丢失 (编译源文件 feedbackcorrunArrayTimer.cpp)
d:\project\fast\build-rtps\install\include\fastdds\dds\core\policy\qospolicies.hpp : warning C4819: 该文件包含不能在当前代码页(936)中表示的字符。请将该文件保存为 Unicode 格式以防止数据丢失 (编译源文件 SimCentreDDS.cpp)
  SimDataAnalysis.cpp
d:\project\fast\build-rtps\install\include\fastdds\dds\core\policy\qospolicies.hpp(877): warning C4819: 该文件包含不能在当前代码页(936)中表示的字符。请将该文件保存为 Unicode 格式以防止数据丢失 (编译源文件 MyPubCallbackSubscriber.cpp)
d:\project\fast\build-rtps\install\include\fastdds\dds\core\policy\qospolicies.hpp(877): warning C4819: 该文件包含不能在当前代码页(936)中表示的字符。请将该文件保存为 Unicode 格式以防止数据丢失 (编译源文件 MyPublisherRealTimerTestTwo.cpp)
d:\project\fast\build-rtps\install\include\fastdds\dds\core\policy\qospolicies.hpp(877): warning C4819: 该文件包含不能在当前代码页(936)中表示的字符。请将该文件保存为 Unicode 格式以防止数据丢失 (编译源文件 MyPublisherTimer.cpp)
d:\project\fast\build-rtps\install\include\fastdds\dds\core\policy\qospolicies.hpp(877): warning C4819: 该文件包含不能在当前代码页(936)中表示的字符。请将该文件保存为 Unicode 格式以防止数据丢失 (编译源文件 MyPublisherRealTimerTestfirst.cpp)
d:\project\fast\build-rtps\install\include\fastdds\dds\core\policy\qospolicies.hpp(1746): warning C4819: 该文件包含不能在当前代码页(936)中表示的字符。请将该文件保存为 Unicode 格式以防止数据丢失 (编译源文件 MyPubCallbackSubscriber.cpp)
d:\project\fast\build-rtps\install\include\fastdds\dds\core\policy\qospolicies.hpp(1746): warning C4819: 该文件包含不能在当前代码页(936)中表示的字符。请将该文件保存为 Unicode 格式以防止数据丢失 (编译源文件 MyPublisherRealTimerTestTwo.cpp)
d:\project\fast\build-rtps\install\include\fastdds\dds\core\policy\qospolicies.hpp(877): warning C4819: 该文件包含不能在当前代码页(936)中表示的字符。请将该文件保存为 Unicode 格式以防止数据丢失 (编译源文件 MyPublisherFullSpeedThread.cpp)
d:\project\fast\build-rtps\install\include\fastdds\dds\core\policy\qospolicies.hpp(877): warning C4819: 该文件包含不能在当前代码页(936)中表示的字符。请将该文件保存为 Unicode 格式以防止数据丢失 (编译源文件 MyPublisherRealTimerTest.cpp)
d:\project\fast\build-rtps\install\include\fastdds\dds\core\policy\qospolicies.hpp(877): warning C4819: 该文件包含不能在当前代码页(936)中表示的字符。请将该文件保存为 Unicode 格式以防止数据丢失 (编译源文件 RealDataDealTimer.cpp)
d:\project\fast\build-rtps\install\include\fastdds\dds\core\policy\qospolicies.hpp(877): warning C4819: 该文件包含不能在当前代码页(936)中表示的字符。请将该文件保存为 Unicode 格式以防止数据丢失 (编译源文件 MyPublisherRealTimerTestone.cpp)
d:\project\fast\build-rtps\install\include\fastdds\dds\core\policy\qospolicies.hpp(877): warning C4819: 该文件包含不能在当前代码页(936)中表示的字符。请将该文件保存为 Unicode 格式以防止数据丢失 (编译源文件 RealDataDealTimerTwo.cpp)
d:\project\fast\build-rtps\install\include\fastdds\dds\core\policy\qospolicies.hpp(877): warning C4819: 该文件包含不能在当前代码页(936)中表示的字符。请将该文件保存为 Unicode 格式以防止数据丢失 (编译源文件 MyPublisherRealTimer.cpp)
d:\project\fast\build-rtps\install\include\fastdds\dds\core\policy\qospolicies.hpp(1746): warning C4819: 该文件包含不能在当前代码页(936)中表示的字符。请将该文件保存为 Unicode 格式以防止数据丢失 (编译源文件 MyPublisherTimer.cpp)
d:\project\fast\build-rtps\install\include\fastdds\dds\core\policy\qospolicies.hpp(1746): warning C4819: 该文件包含不能在当前代码页(936)中表示的字符。请将该文件保存为 Unicode 格式以防止数据丢失 (编译源文件 MyPublisherRealTimerTestfirst.cpp)
d:\project\fast\build-rtps\install\include\fastdds\dds\core\policy\qospolicies.hpp(877): warning C4819: 该文件包含不能在当前代码页(936)中表示的字符。请将该文件保存为 Unicode 格式以防止数据丢失 (编译源文件 MyPubSubscriberThread.cpp)
d:\project\fast\build-rtps\install\include\fastdds\dds\core\policy\qospolicies.hpp(1746): warning C4819: 该文件包含不能在当前代码页(936)中表示的字符。请将该文件保存为 Unicode 格式以防止数据丢失 (编译源文件 MyPublisherFullSpeedThread.cpp)
d:\project\fast\build-rtps\install\include\fastdds\dds\core\policy\qospolicies.hpp(1746): warning C4819: 该文件包含不能在当前代码页(936)中表示的字符。请将该文件保存为 Unicode 格式以防止数据丢失 (编译源文件 RealDataDealTimer.cpp)
d:\project\fast\build-rtps\install\include\fastdds\dds\core\policy\qospolicies.hpp(1746): warning C4819: 该文件包含不能在当前代码页(936)中表示的字符。请将该文件保存为 Unicode 格式以防止数据丢失 (编译源文件 RealDataDealTimerTwo.cpp)
d:\project\fast\build-rtps\install\include\fastdds\dds\core\policy\qospolicies.hpp(1746): warning C4819: 该文件包含不能在当前代码页(936)中表示的字符。请将该文件保存为 Unicode 格式以防止数据丢失 (编译源文件 MyPublisherRealTimerTest.cpp)
d:\project\fast\build-rtps\install\include\fastdds\dds\core\policy\qospolicies.hpp(1746): warning C4819: 该文件包含不能在当前代码页(936)中表示的字符。请将该文件保存为 Unicode 格式以防止数据丢失 (编译源文件 MyPublisherRealTimerTestone.cpp)
d:\project\fast\build-rtps\install\include\fastdds\dds\core\policy\qospolicies.hpp(1746): warning C4819: 该文件包含不能在当前代码页(936)中表示的字符。请将该文件保存为 Unicode 格式以防止数据丢失 (编译源文件 MyPublisherRealTimer.cpp)
d:\project\fast\build-rtps\install\include\fastdds\dds\core\policy\qospolicies.hpp(1746): warning C4819: 该文件包含不能在当前代码页(936)中表示的字符。请将该文件保存为 Unicode 格式以防止数据丢失 (编译源文件 MyPubSubscriberThread.cpp)
  simdds.cpp
  SimMessage.cxx
  simplelog.cpp
d:\project\fast\build-rtps\install\include\fastdds\dds\core\policy\qospolicies.hpp(877): warning C4819: 该文件包含不能在当前代码页(936)中表示的字符。请将该文件保存为 Unicode 格式以防止数据丢失 (编译源文件 feedbackcorrunArrayTimer.cpp)
d:\project\fast\build-rtps\install\include\fastdds\dds\core\policy\qospolicies.hpp(877): warning C4819: 该文件包含不能在当前代码页(936)中表示的字符。请将该文件保存为 Unicode 格式以防止数据丢失 (编译源文件 SimCentreSubscriber.cpp)
d:\project\fast\build-rtps\install\include\fastdds\dds\core\policy\qospolicies.hpp(1746): warning C4819: 该文件包含不能在当前代码页(936)中表示的字符。请将该文件保存为 Unicode 格式以防止数据丢失 (编译源文件 feedbackcorrunArrayTimer.cpp)
d:\project\fast\build-rtps\install\include\fastdds\dds\core\policy\qospolicies.hpp(1746): warning C4819: 该文件包含不能在当前代码页(936)中表示的字符。请将该文件保存为 Unicode 格式以防止数据丢失 (编译源文件 SimCentreSubscriber.cpp)
d:\project\fast\build-rtps\install\include\fastdds\dds\core\policy\qospolicies.hpp(877): warning C4819: 该文件包含不能在当前代码页(936)中表示的字符。请将该文件保存为 Unicode 格式以防止数据丢失 (编译源文件 SimCentreDDS.cpp)
d:\project\fast\build-rtps\install\include\fastdds\dds\core\policy\qospolicies.hpp(1746): warning C4819: 该文件包含不能在当前代码页(936)中表示的字符。请将该文件保存为 Unicode 格式以防止数据丢失 (编译源文件 SimCentreDDS.cpp)
d:\project\fast\build-rtps\install\include\fastdds\dds\core\policy\qospolicies.hpp : warning C4819: 该文件包含不能在当前代码页(936)中表示的字符。请将该文件保存为 Unicode 格式以防止数据丢失 (编译源文件 simdds.cpp)
d:\project\fast\fastdemo\simcentre\simcentredds\mypublisherrealtimertestfirst.h : warning C4819: 该文件包含不能在当前代码页(936)中表示的字符。请将该文件保存为 Unicode 格式以防止数据丢失 (编译源文件 SimCentreDDS.cpp)
d:\project\fast\fastdemo\simcentre\simcentredds\mypublisherrealtimertestone.h : warning C4819: 该文件包含不能在当前代码页(936)中表示的字符。请将该文件保存为 Unicode 格式以防止数据丢失 (编译源文件 SimCentreDDS.cpp)
d:\project\fast\build-rtps\install\include\fastdds\dds\core\policy\qospolicies.hpp(877): warning C4819: 该文件包含不能在当前代码页(936)中表示的字符。请将该文件保存为 Unicode 格式以防止数据丢失 (编译源文件 simdds.cpp)
d:\project\fast\build-rtps\install\include\fastdds\dds\core\policy\qospolicies.hpp(1746): warning C4819: 该文件包含不能在当前代码页(936)中表示的字符。请将该文件保存为 Unicode 格式以防止数据丢失 (编译源文件 simdds.cpp)
d:\project\fast\fastdemo\simcentre\simcentredds\simplelog.cpp(98): warning C4715: “SimpleLog::readlog”: 不是所有的控件路径都返回值
  qrc_SimCentreDDS.cpp
  moc_SimCentreDDS.cpp
  moc_MyPublisherRealTimerTestfirst.cpp
  moc_MyPublisherRealTimerTestone.cpp
  moc_simplelog.cpp
  moc_RealDataDealTimerTwo.cpp
  moc_RealDataDealTimer.cpp
  moc_qtsettingset.cpp
  moc_QtMyTextEdit.cpp
  moc_MyPubSubscriberThread.cpp
  moc_MyPublisherTimer.cpp
  moc_MyPublisherRealTimerTestTwo.cpp
  moc_MyPublisherRealTimerTest.cpp
  moc_MyPublisherRealTimer.cpp
  moc_MyPublisherFullSpeedThread.cpp
d:\project\fast\fastdemo\simcentre\simcentredds\mypublisherrealtimertestfirst.h : warning C4819: 该文件包含不能在当前代码页(936)中表示的字符。请将该文件保存为 Unicode 格式以防止数据丢失 (编译源文件 x64\Debug\\moc\moc_MyPublisherRealTimerTestfirst.cpp)
d:\project\fast\fastdemo\simcentre\simcentredds\mypublisherrealtimertestone.h : warning C4819: 该文件包含不能在当前代码页(936)中表示的字符。请将该文件保存为 Unicode 格式以防止数据丢失 (编译源文件 x64\Debug\\moc\moc_MyPublisherRealTimerTestone.cpp)
  SimCentreDDS.vcxproj -> D:\project\Fast\FastDemo\SimCentre\x64\Debug\SimCentreDDS.exe
