d:\project\fast\fastdemo\simcentre\simcentredds\x64\debug\vc141.pdb
d:\project\fast\fastdemo\simcentre\simcentredds\x64\debug\mypublisherrealtimertestfirst.obj
d:\project\fast\fastdemo\simcentre\simcentredds\x64\debug\moc_qtsettingset.obj
d:\project\fast\fastdemo\simcentre\simcentredds\x64\debug\moc_realdatadealtimer.obj
d:\project\fast\fastdemo\simcentre\simcentredds\x64\debug\moc_mypublisherrealtimertestfirst.obj
d:\project\fast\fastdemo\simcentre\simcentredds\x64\debug\moc_simplelog.obj
d:\project\fast\fastdemo\simcentre\simcentredds\x64\debug\moc_mypubsubscriberthread.obj
d:\project\fast\fastdemo\simcentre\simcentredds\x64\debug\moc_mypublisherfullspeedthread.obj
d:\project\fast\fastdemo\simcentre\simcentredds\x64\debug\moc_simcentredds.obj
d:\project\fast\fastdemo\simcentre\simcentredds\x64\debug\moc_qtmytextedit.obj
d:\project\fast\fastdemo\simcentre\simcentredds\x64\debug\qrc_simcentredds.obj
d:\project\fast\fastdemo\simcentre\simcentredds\x64\debug\moc_mypublishertimer.obj
d:\project\fast\fastdemo\simcentre\simcentredds\x64\debug\moc_mypublisherrealtimer.obj
d:\project\fast\fastdemo\simcentre\simcentredds\x64\debug\moc_mypublisherrealtimertest.obj
d:\project\fast\fastdemo\simcentre\simcentredds\x64\debug\moc_realdatadealtimertwo.obj
d:\project\fast\fastdemo\simcentre\simcentredds\x64\debug\moc_mypublisherrealtimertesttwo.obj
d:\project\fast\fastdemo\simcentre\simcentredds\x64\debug\moc_mypublisherrealtimertestone.obj
d:\project\fast\fastdemo\simcentre\simcentredds\x64\debug\qtmytextedit.obj
d:\project\fast\fastdemo\simcentre\simcentredds\x64\debug\simdds.obj
d:\project\fast\fastdemo\simcentre\simcentredds\x64\debug\middlebyvalueset.obj
d:\project\fast\fastdemo\simcentre\simcentredds\x64\debug\simplelog.obj
d:\project\fast\fastdemo\simcentre\simcentredds\x64\debug\simcentrepublisher.obj
d:\project\fast\fastdemo\simcentre\simcentredds\x64\debug\mypublisherrealtimertesttwo.obj
d:\project\fast\fastdemo\simcentre\simcentredds\x64\debug\simcentrepubsubtypes.obj
d:\project\fast\fastdemo\simcentre\simcentredds\x64\debug\feedbackcorrunarraytimer.obj
d:\project\fast\fastdemo\simcentre\simcentredds\x64\debug\mypublisherrealtimertest.obj
d:\project\fast\fastdemo\simcentre\simcentredds\x64\debug\mypubsubscriberthread.obj
d:\project\fast\fastdemo\simcentre\simcentredds\x64\debug\mypublisherrealtimertestone.obj
d:\project\fast\fastdemo\simcentre\simcentredds\x64\debug\mapset.obj
d:\project\fast\fastdemo\simcentre\simcentredds\x64\debug\simcentresubscriber.obj
d:\project\fast\fastdemo\simcentre\simcentredds\x64\debug\qtsettingset.obj
d:\project\fast\fastdemo\simcentre\simcentredds\x64\debug\simdataanalysis.obj
d:\project\fast\fastdemo\simcentre\simcentredds\x64\debug\realdatadealtimertwo.obj
d:\project\fast\fastdemo\simcentre\simcentredds\x64\debug\main.obj
d:\project\fast\fastdemo\simcentre\simcentredds\x64\debug\simmessage.obj
d:\project\fast\fastdemo\simcentre\simcentredds\x64\debug\mypublisherrealtimer.obj
d:\project\fast\fastdemo\simcentre\simcentredds\x64\debug\realdatadealtimer.obj
d:\project\fast\fastdemo\simcentre\simcentredds\x64\debug\mypublishertimer.obj
d:\project\fast\fastdemo\simcentre\simcentredds\x64\debug\mypublisherfullspeedthread.obj
d:\project\fast\fastdemo\simcentre\simcentredds\x64\debug\simcentredds.obj
d:\project\fast\fastdemo\simcentre\simcentredds\x64\debug\mypubcallbacksubscriber.obj
d:\project\fast\fastdemo\simcentre\x64\debug\simcentredds.exe
d:\project\fast\fastdemo\simcentre\x64\debug\simcentredds.ilk
d:\project\fast\fastdemo\simcentre\x64\debug\simcentredds.pdb
d:\project\fast\fastdemo\simcentre\simcentredds\x64\debug\\moc\moc_simcentredds.cpp
d:\project\fast\fastdemo\simcentre\simcentredds\x64\debug\\moc\moc_mypublisherrealtimertestfirst.cpp
d:\project\fast\fastdemo\simcentre\simcentredds\x64\debug\\moc\moc_mypublisherrealtimertestone.cpp
d:\project\fast\fastdemo\simcentre\simcentredds\x64\debug\\moc\moc_simplelog.cpp
d:\project\fast\fastdemo\simcentre\simcentredds\x64\debug\\moc\moc_realdatadealtimertwo.cpp
d:\project\fast\fastdemo\simcentre\simcentredds\x64\debug\\moc\moc_realdatadealtimer.cpp
d:\project\fast\fastdemo\simcentre\simcentredds\x64\debug\\moc\moc_qtsettingset.cpp
d:\project\fast\fastdemo\simcentre\simcentredds\x64\debug\\moc\moc_qtmytextedit.cpp
d:\project\fast\fastdemo\simcentre\simcentredds\x64\debug\\moc\moc_mypubsubscriberthread.cpp
d:\project\fast\fastdemo\simcentre\simcentredds\x64\debug\\moc\moc_mypublishertimer.cpp
d:\project\fast\fastdemo\simcentre\simcentredds\x64\debug\\moc\moc_mypublisherrealtimertesttwo.cpp
d:\project\fast\fastdemo\simcentre\simcentredds\x64\debug\\moc\moc_mypublisherrealtimertest.cpp
d:\project\fast\fastdemo\simcentre\simcentredds\x64\debug\\moc\moc_mypublisherrealtimer.cpp
d:\project\fast\fastdemo\simcentre\simcentredds\x64\debug\\moc\moc_mypublisherfullspeedthread.cpp
d:\project\fast\fastdemo\simcentre\simcentredds\x64\debug\\rcc\qrc_simcentredds.cpp
d:\project\fast\fastdemo\simcentre\simcentredds\x64\debug\uic\ui_simcentredds.h
d:\project\fast\fastdemo\simcentre\simcentredds\x64\debug\rcc\qrc_simcentredds.cpp
d:\project\fast\fastdemo\simcentre\simcentredds\x64\debug\moc\moc_simcentredds.cpp
d:\project\fast\fastdemo\simcentre\simcentredds\x64\debug\moc\moc_mypublisherrealtimertestfirst.cpp
d:\project\fast\fastdemo\simcentre\simcentredds\x64\debug\moc\moc_mypublisherrealtimertestone.cpp
d:\project\fast\fastdemo\simcentre\simcentredds\x64\debug\moc\moc_simplelog.cpp
d:\project\fast\fastdemo\simcentre\simcentredds\x64\debug\moc\moc_realdatadealtimertwo.cpp
d:\project\fast\fastdemo\simcentre\simcentredds\x64\debug\moc\moc_realdatadealtimer.cpp
d:\project\fast\fastdemo\simcentre\simcentredds\x64\debug\moc\moc_qtsettingset.cpp
d:\project\fast\fastdemo\simcentre\simcentredds\x64\debug\moc\moc_qtmytextedit.cpp
d:\project\fast\fastdemo\simcentre\simcentredds\x64\debug\moc\moc_mypubsubscriberthread.cpp
d:\project\fast\fastdemo\simcentre\simcentredds\x64\debug\moc\moc_mypublishertimer.cpp
d:\project\fast\fastdemo\simcentre\simcentredds\x64\debug\moc\moc_mypublisherrealtimertesttwo.cpp
d:\project\fast\fastdemo\simcentre\simcentredds\x64\debug\moc\moc_mypublisherrealtimertest.cpp
d:\project\fast\fastdemo\simcentre\simcentredds\x64\debug\moc\moc_mypublisherrealtimer.cpp
d:\project\fast\fastdemo\simcentre\simcentredds\x64\debug\moc\moc_mypublisherfullspeedthread.cpp
d:\project\fast\fastdemo\simcentre\simcentredds\x64\debug\\uic\ui_simcentredds.h
d:\project\fast\fastdemo\simcentre\simcentredds\x64\debug\simcentredds.tlog\cl.command.1.tlog
d:\project\fast\fastdemo\simcentre\simcentredds\x64\debug\simcentredds.tlog\cl.read.1.tlog
d:\project\fast\fastdemo\simcentre\simcentredds\x64\debug\simcentredds.tlog\cl.write.1.tlog
d:\project\fast\fastdemo\simcentre\simcentredds\x64\debug\simcentredds.tlog\link.command.1.tlog
d:\project\fast\fastdemo\simcentre\simcentredds\x64\debug\simcentredds.tlog\link.read.1.tlog
d:\project\fast\fastdemo\simcentre\simcentredds\x64\debug\simcentredds.tlog\link.write.1.tlog
d:\project\fast\fastdemo\simcentre\simcentredds\x64\debug\simcentredds.tlog\moc.read.1u.tlog
d:\project\fast\fastdemo\simcentre\simcentredds\x64\debug\simcentredds.tlog\moc.write.1u.tlog
d:\project\fast\fastdemo\simcentre\simcentredds\x64\debug\simcentredds.tlog\rcc.read.1u.tlog
d:\project\fast\fastdemo\simcentre\simcentredds\x64\debug\simcentredds.tlog\rcc.write.1u.tlog
d:\project\fast\fastdemo\simcentre\simcentredds\x64\debug\simcentredds.tlog\simcentredds.write.1u.tlog
d:\project\fast\fastdemo\simcentre\simcentredds\x64\debug\simcentredds.tlog\uic.read.1u.tlog
d:\project\fast\fastdemo\simcentre\simcentredds\x64\debug\simcentredds.tlog\uic.write.1u.tlog
